build/app/intermediates/manifest_merge_blame_file/debug/manifest-merger-blame-debug-report.txt
1<?xml version="1.0" encoding="utf-8"?>
2<manifest xmlns:android="http://schemas.android.com/apk/res/android"
3    package="com.example.hawkshopadmin"
4    android:versionCode="1"
5    android:versionName="1.0.0" >
6
7    <uses-sdk
8        android:minSdkVersion="16"
9        android:targetSdkVersion="28" />
10    <!--
11         Flutter needs it to communicate with the running application
12         to allow setting breakpoints, to provide hot reload, etc.
13    -->
14    <uses-permission android:name="android.permission.INTERNET" />
14-->src\debug\AndroidManifest.xml:6:5-66
14-->src\debug\AndroidManifest.xml:6:22-64
15    <uses-permission android:name="android.permission.READ_EXTERNAL_STORAGE" />
15-->[:image_picker] AndroidManifest.xml:7:5-80
15-->[:image_picker] AndroidManifest.xml:7:22-77
16    <uses-permission android:name="android.permission.WRITE_EXTERNAL_STORAGE" /> <!-- Although the *SdkVersion is captured in gradle build files, this is required for non gradle builds -->
16-->[:image_picker] AndroidManifest.xml:8:5-81
16-->[:image_picker] AndroidManifest.xml:8:22-78
17    <!-- <uses-sdk android:minSdkVersion="14"/> -->
18    <uses-permission android:name="android.permission.ACCESS_NETWORK_STATE" />
18-->[com.google.firebase:firebase-storage:17.0.0] AndroidManifest.xml:26:5-79
18-->[com.google.firebase:firebase-storage:17.0.0] AndroidManifest.xml:26:22-76
19    <uses-permission android:name="android.permission.WAKE_LOCK" /> <!-- Required by older versions of Google Play services to create IID tokens -->
19-->[com.google.android.gms:play-services-measurement-api:17.2.2] AndroidManifest.xml:24:5-68
19-->[com.google.android.gms:play-services-measurement-api:17.2.2] AndroidManifest.xml:24:22-65
20    <uses-permission android:name="com.google.android.c2dm.permission.RECEIVE" />
20-->[com.google.firebase:firebase-iid:20.0.2] AndroidManifest.xml:26:5-82
20-->[com.google.firebase:firebase-iid:20.0.2] AndroidManifest.xml:26:22-79
21    <uses-permission android:name="com.google.android.finsky.permission.BIND_GET_INSTALL_REFERRER_SERVICE" />
21-->[com.google.android.gms:play-services-measurement:17.2.2] AndroidManifest.xml:26:5-110
21-->[com.google.android.gms:play-services-measurement:17.2.2] AndroidManifest.xml:26:22-107
22    <!--
23 io.flutter.app.FlutterApplication is an android.app.Application that
24         calls FlutterMain.startInitialization(this); in its onCreate method.
25         In most cases you can leave this as-is, but you if you want to provide
26         additional functionality it is fine to subclass or reimplement
27         FlutterApplication and put your custom class here.
28    -->
29    <application
29-->src\main\AndroidManifest.xml:8:5-29:19
30        android:name="io.flutter.app.FlutterApplication"
30-->src\main\AndroidManifest.xml:9:9-57
31        android:appComponentFactory="androidx.core.app.CoreComponentFactory"
31-->[androidx.core:core:1.0.2] AndroidManifest.xml:22:18-86
32        android:debuggable="true"
33        android:icon="@mipmap/ic_launcher"
33-->src\main\AndroidManifest.xml:11:9-43
34        android:label="hawkshopadmin" >
34-->src\main\AndroidManifest.xml:10:9-38
35        <activity
35-->src\main\AndroidManifest.xml:12:9-23:20
36            android:name="com.example.hawkshopadmin.MainActivity"
36-->src\main\AndroidManifest.xml:13:13-41
37            android:configChanges="orientation|keyboardHidden|keyboard|screenSize|smallestScreenSize|locale|layoutDirection|fontScale|screenLayout|density|uiMode"
37-->src\main\AndroidManifest.xml:16:13-163
38            android:hardwareAccelerated="true"
38-->src\main\AndroidManifest.xml:17:13-47
39            android:launchMode="singleTop"
39-->src\main\AndroidManifest.xml:14:13-43
40            android:theme="@style/LaunchTheme"
40-->src\main\AndroidManifest.xml:15:13-47
41            android:windowSoftInputMode="adjustResize" >
41-->src\main\AndroidManifest.xml:18:13-55
42            <intent-filter>
42-->src\main\AndroidManifest.xml:19:13-22:29
43                <action android:name="android.intent.action.MAIN" />
43-->src\main\AndroidManifest.xml:20:17-68
43-->src\main\AndroidManifest.xml:20:25-66
44
45                <category android:name="android.intent.category.LAUNCHER" />
45-->src\main\AndroidManifest.xml:21:17-76
45-->src\main\AndroidManifest.xml:21:27-74
46            </intent-filter>
47        </activity>
48        <!--
49             Don't delete the meta-data below.
50             This is used by the Flutter tool to generate GeneratedPluginRegistrant.java
51        -->
52        <meta-data
52-->src\main\AndroidManifest.xml:26:9-28:33
53            android:name="flutterEmbedding"
53-->src\main\AndroidManifest.xml:27:13-44
54            android:value="2" />
54-->src\main\AndroidManifest.xml:28:13-30
55
56        <service
56-->[:firebase_storage] AndroidManifest.xml:8:9-12:19
57            android:name="com.google.firebase.components.ComponentDiscoveryService"
57-->[:firebase_storage] AndroidManifest.xml:8:18-89
58            android:directBootAware="true"
58-->[com.google.firebase:firebase-common:19.3.0] AndroidManifest.xml:34:13-43
59            android:exported="false" >
59-->[com.google.firebase:firebase-auth:19.2.0] AndroidManifest.xml:35:13-37
60            <meta-data
60-->[:firebase_storage] AndroidManifest.xml:9:13-11:85
61                android:name="com.google.firebase.components:io.flutter.plugins.firebase.storage.FlutterFirebaseAppRegistrar"
61-->[:firebase_storage] AndroidManifest.xml:10:17-126
62                android:value="com.google.firebase.components.ComponentRegistrar" />
62-->[:firebase_storage] AndroidManifest.xml:11:17-82
63            <meta-data
63-->[:firebase_auth] AndroidManifest.xml:9:13-11:85
64                android:name="com.google.firebase.components:io.flutter.plugins.firebaseauth.FlutterFirebaseAppRegistrar"
64-->[:firebase_auth] AndroidManifest.xml:10:17-122
65                android:value="com.google.firebase.components.ComponentRegistrar" />
65-->[:firebase_auth] AndroidManifest.xml:11:17-82
66            <meta-data
66-->[:cloud_firestore] AndroidManifest.xml:9:13-11:85
67                android:name="com.google.firebase.components:io.flutter.plugins.firebase.cloudfirestore.FlutterFirebaseAppRegistrar"
67-->[:cloud_firestore] AndroidManifest.xml:10:17-133
68                android:value="com.google.firebase.components.ComponentRegistrar" />
68-->[:cloud_firestore] AndroidManifest.xml:11:17-82
69            <meta-data
69-->[:firebase_database] AndroidManifest.xml:9:13-11:85
70                android:name="com.google.firebase.components:io.flutter.plugins.firebase.database.FlutterFirebaseAppRegistrar"
70-->[:firebase_database] AndroidManifest.xml:10:17-127
71                android:value="com.google.firebase.components.ComponentRegistrar" />
71-->[:firebase_database] AndroidManifest.xml:11:17-82
72            <meta-data
72-->[:firebase_core] AndroidManifest.xml:9:13-11:85
73                android:name="com.google.firebase.components:io.flutter.plugins.firebase.core.FlutterFirebaseAppRegistrar"
73-->[:firebase_core] AndroidManifest.xml:10:17-123
74                android:value="com.google.firebase.components.ComponentRegistrar" />
74-->[:firebase_core] AndroidManifest.xml:11:17-82
75            <meta-data
75-->[com.google.firebase:firebase-auth:19.2.0] AndroidManifest.xml:36:13-38:85
76                android:name="com.google.firebase.components:com.google.firebase.auth.FirebaseAuthRegistrar"
76-->[com.google.firebase:firebase-auth:19.2.0] AndroidManifest.xml:37:17-109
77                android:value="com.google.firebase.components.ComponentRegistrar" />
77-->[com.google.firebase:firebase-auth:19.2.0] AndroidManifest.xml:38:17-82
78            <meta-data
78-->[com.google.firebase:firebase-storage:17.0.0] AndroidManifest.xml:31:13-33:85
79                android:name="com.google.firebase.components:com.google.firebase.storage.StorageRegistrar"
79-->[com.google.firebase:firebase-storage:17.0.0] AndroidManifest.xml:32:17-107
80                android:value="com.google.firebase.components.ComponentRegistrar" />
80-->[com.google.firebase:firebase-storage:17.0.0] AndroidManifest.xml:33:17-82
81            <meta-data
81-->[com.google.firebase:firebase-firestore:21.3.0] AndroidManifest.xml:20:13-22:85
82                android:name="com.google.firebase.components:com.google.firebase.firestore.FirestoreRegistrar"
82-->[com.google.firebase:firebase-firestore:21.3.0] AndroidManifest.xml:21:17-111
83                android:value="com.google.firebase.components.ComponentRegistrar" />
83-->[com.google.firebase:firebase-firestore:21.3.0] AndroidManifest.xml:22:17-82
84            <meta-data
84-->[com.google.firebase:firebase-database:17.0.0] AndroidManifest.xml:30:13-32:85
85                android:name="com.google.firebase.components:com.google.firebase.database.DatabaseRegistrar"
85-->[com.google.firebase:firebase-database:17.0.0] AndroidManifest.xml:31:17-109
86                android:value="com.google.firebase.components.ComponentRegistrar" />
86-->[com.google.firebase:firebase-database:17.0.0] AndroidManifest.xml:32:17-82
87            <meta-data
87-->[com.google.android.gms:play-services-measurement-api:17.2.2] AndroidManifest.xml:30:13-32:85
88                android:name="com.google.firebase.components:com.google.firebase.analytics.connector.internal.AnalyticsConnectorRegistrar"
88-->[com.google.android.gms:play-services-measurement-api:17.2.2] AndroidManifest.xml:31:17-139
89                android:value="com.google.firebase.components.ComponentRegistrar" />
89-->[com.google.android.gms:play-services-measurement-api:17.2.2] AndroidManifest.xml:32:17-82
90            <meta-data
90-->[com.google.firebase:firebase-iid:20.0.2] AndroidManifest.xml:32:13-34:85
91                android:name="com.google.firebase.components:com.google.firebase.iid.Registrar"
91-->[com.google.firebase:firebase-iid:20.0.2] AndroidManifest.xml:33:17-96
92                android:value="com.google.firebase.components.ComponentRegistrar" />
92-->[com.google.firebase:firebase-iid:20.0.2] AndroidManifest.xml:34:17-82
93        </service>
94
95        <provider
95-->[:image_picker] AndroidManifest.xml:11:9-19:20
96            android:name="io.flutter.plugins.imagepicker.ImagePickerFileProvider"
96-->[:image_picker] AndroidManifest.xml:12:13-82
97            android:authorities="com.example.hawkshopadmin.flutter.image_provider"
97-->[:image_picker] AndroidManifest.xml:13:13-74
98            android:exported="false"
98-->[:image_picker] AndroidManifest.xml:14:13-37
99            android:grantUriPermissions="true" >
99-->[:image_picker] AndroidManifest.xml:15:13-47
100            <meta-data
100-->[:image_picker] AndroidManifest.xml:16:13-18:75
101                android:name="android.support.FILE_PROVIDER_PATHS"
101-->[:image_picker] AndroidManifest.xml:17:17-67
102                android:resource="@xml/flutter_image_picker_file_paths" />
102-->[:image_picker] AndroidManifest.xml:18:17-72
103        </provider>
104
105        <activity
105-->[com.google.firebase:firebase-auth:19.2.0] AndroidManifest.xml:24:9-31:50
106            android:name="com.google.firebase.auth.internal.FederatedSignInActivity"
106-->[com.google.firebase:firebase-auth:19.2.0] AndroidManifest.xml:25:13-85
107            android:excludeFromRecents="true"
107-->[com.google.firebase:firebase-auth:19.2.0] AndroidManifest.xml:26:13-46
108            android:exported="true"
108-->[com.google.firebase:firebase-auth:19.2.0] AndroidManifest.xml:27:13-36
109            android:launchMode="singleTask"
109-->[com.google.firebase:firebase-auth:19.2.0] AndroidManifest.xml:28:13-44
110            android:permission="com.google.firebase.auth.api.gms.permission.LAUNCH_FEDERATED_SIGN_IN"
110-->[com.google.firebase:firebase-auth:19.2.0] AndroidManifest.xml:29:13-102
111            android:theme="@android:style/Theme.Translucent.NoTitleBar" />
111-->[com.google.firebase:firebase-auth:19.2.0] AndroidManifest.xml:30:13-72
112        <activity
112-->[com.google.android.gms:play-services-auth:18.0.0] AndroidManifest.xml:23:9-27:75
113            android:name="com.google.android.gms.auth.api.signin.internal.SignInHubActivity"
113-->[com.google.android.gms:play-services-auth:18.0.0] AndroidManifest.xml:24:13-93
114            android:excludeFromRecents="true"
114-->[com.google.android.gms:play-services-auth:18.0.0] AndroidManifest.xml:25:13-46
115            android:exported="false"
115-->[com.google.android.gms:play-services-auth:18.0.0] AndroidManifest.xml:26:13-37
116            android:theme="@android:style/Theme.Translucent.NoTitleBar" />
116-->[com.google.android.gms:play-services-auth:18.0.0] AndroidManifest.xml:27:13-72
117        <!--
118            Service handling Google Sign-In user revocation. For apps that do not integrate with
119            Google Sign-In, this service will never be started.
120        -->
121        <service
121-->[com.google.android.gms:play-services-auth:18.0.0] AndroidManifest.xml:33:9-36:110
122            android:name="com.google.android.gms.auth.api.signin.RevocationBoundService"
122-->[com.google.android.gms:play-services-auth:18.0.0] AndroidManifest.xml:34:13-89
123            android:exported="true"
123-->[com.google.android.gms:play-services-auth:18.0.0] AndroidManifest.xml:35:13-36
124            android:permission="com.google.android.gms.auth.api.signin.permission.REVOCATION_NOTIFICATION" />
124-->[com.google.android.gms:play-services-auth:18.0.0] AndroidManifest.xml:36:13-107
125
126        <receiver
126-->[com.google.firebase:firebase-iid:20.0.2] AndroidManifest.xml:37:9-44:20
127            android:name="com.google.firebase.iid.FirebaseInstanceIdReceiver"
127-->[com.google.firebase:firebase-iid:20.0.2] AndroidManifest.xml:38:13-78
128            android:exported="true"
128-->[com.google.firebase:firebase-iid:20.0.2] AndroidManifest.xml:39:13-36
129            android:permission="com.google.android.c2dm.permission.SEND" >
129-->[com.google.firebase:firebase-iid:20.0.2] AndroidManifest.xml:40:13-73
130            <intent-filter>
130-->[com.google.firebase:firebase-iid:20.0.2] AndroidManifest.xml:41:13-43:29
131                <action android:name="com.google.android.c2dm.intent.RECEIVE" />
131-->[com.google.firebase:firebase-iid:20.0.2] AndroidManifest.xml:42:17-81
131-->[com.google.firebase:firebase-iid:20.0.2] AndroidManifest.xml:42:25-78
132            </intent-filter>
133        </receiver>
134
135        <activity
135-->[com.google.android.gms:play-services-base:17.1.0] AndroidManifest.xml:23:9-26:75
136            android:name="com.google.android.gms.common.api.GoogleApiActivity"
136-->[com.google.android.gms:play-services-base:17.1.0] AndroidManifest.xml:24:13-79
137            android:exported="false"
137-->[com.google.android.gms:play-services-base:17.1.0] AndroidManifest.xml:25:13-37
138            android:theme="@android:style/Theme.Translucent.NoTitleBar" />
138-->[com.google.android.gms:play-services-base:17.1.0] AndroidManifest.xml:26:13-72
139
140        <receiver
140-->[com.google.android.gms:play-services-measurement:17.2.2] AndroidManifest.xml:29:9-33:20
141            android:name="com.google.android.gms.measurement.AppMeasurementReceiver"
141-->[com.google.android.gms:play-services-measurement:17.2.2] AndroidManifest.xml:30:13-85
142            android:enabled="true"
142-->[com.google.android.gms:play-services-measurement:17.2.2] AndroidManifest.xml:31:13-35
143            android:exported="false" >
143-->[com.google.android.gms:play-services-measurement:17.2.2] AndroidManifest.xml:32:13-37
144        </receiver>
145        <receiver
145-->[com.google.android.gms:play-services-measurement:17.2.2] AndroidManifest.xml:34:9-42:20
146            android:name="com.google.android.gms.measurement.AppMeasurementInstallReferrerReceiver"
146-->[com.google.android.gms:play-services-measurement:17.2.2] AndroidManifest.xml:35:13-100
147            android:enabled="true"
147-->[com.google.android.gms:play-services-measurement:17.2.2] AndroidManifest.xml:36:13-35
148            android:exported="true"
148-->[com.google.android.gms:play-services-measurement:17.2.2] AndroidManifest.xml:37:13-36
149            android:permission="android.permission.INSTALL_PACKAGES" >
149-->[com.google.android.gms:play-services-measurement:17.2.2] AndroidManifest.xml:38:13-69
150            <intent-filter>
150-->[com.google.android.gms:play-services-measurement:17.2.2] AndroidManifest.xml:39:13-41:29
151                <action android:name="com.android.vending.INSTALL_REFERRER" />
151-->[com.google.android.gms:play-services-measurement:17.2.2] AndroidManifest.xml:40:17-79
151-->[com.google.android.gms:play-services-measurement:17.2.2] AndroidManifest.xml:40:25-76
152            </intent-filter>
153        </receiver>
154
155        <service
155-->[com.google.android.gms:play-services-measurement:17.2.2] AndroidManifest.xml:44:9-47:40
156            android:name="com.google.android.gms.measurement.AppMeasurementService"
156-->[com.google.android.gms:play-services-measurement:17.2.2] AndroidManifest.xml:45:13-84
157            android:enabled="true"
157-->[com.google.android.gms:play-services-measurement:17.2.2] AndroidManifest.xml:46:13-35
158            android:exported="false" />
158-->[com.google.android.gms:play-services-measurement:17.2.2] AndroidManifest.xml:47:13-37
159        <service
159-->[com.google.android.gms:play-services-measurement:17.2.2] AndroidManifest.xml:48:9-52:72
160            android:name="com.google.android.gms.measurement.AppMeasurementJobService"
160-->[com.google.android.gms:play-services-measurement:17.2.2] AndroidManifest.xml:49:13-87
161            android:enabled="true"
161-->[com.google.android.gms:play-services-measurement:17.2.2] AndroidManifest.xml:50:13-35
162            android:exported="false"
162-->[com.google.android.gms:play-services-measurement:17.2.2] AndroidManifest.xml:51:13-37
163            android:permission="android.permission.BIND_JOB_SERVICE" />
163-->[com.google.android.gms:play-services-measurement:17.2.2] AndroidManifest.xml:52:13-69
164
165        <provider
165-->[com.google.firebase:firebase-common:19.3.0] AndroidManifest.xml:26:9-30:39
166            android:name="com.google.firebase.provider.FirebaseInitProvider"
166-->[com.google.firebase:firebase-common:19.3.0] AndroidManifest.xml:27:13-77
167            android:authorities="com.example.hawkshopadmin.firebaseinitprovider"
167-->[com.google.firebase:firebase-common:19.3.0] AndroidManifest.xml:28:13-72
168            android:exported="false"
168-->[com.google.firebase:firebase-common:19.3.0] AndroidManifest.xml:29:13-37
169            android:initOrder="100" />
169-->[com.google.firebase:firebase-common:19.3.0] AndroidManifest.xml:30:13-36
170
171        <meta-data
171-->[com.google.android.gms:play-services-basement:17.1.1] AndroidManifest.xml:23:9-25:69
172            android:name="com.google.android.gms.version"
172-->[com.google.android.gms:play-services-basement:17.1.1] AndroidManifest.xml:24:13-58
173            android:value="@integer/google_play_services_version" />
173-->[com.google.android.gms:play-services-basement:17.1.1] AndroidManifest.xml:25:13-66
174    </application>
175
176</manifest>